  Actor.cpp
C:\C++\Projects\Final Capstone\ArcadeBasketball\SFM_ setup\Actor.cpp(37,13): warning C4553: '==': result of expression not used; did you intend '='?
C:\C++\Projects\Final Capstone\ArcadeBasketball\SFM_ setup\Actor.cpp(308,15): warning C4244: 'initializing': conversion from 'float' to 'int', possible loss of data
C:\C++\Projects\Final Capstone\ArcadeBasketball\SFM_ setup\Actor.cpp(326,22): warning C4244: '=': conversion from 'unsigned int' to 'float', possible loss of data
C:\C++\Projects\Final Capstone\ArcadeBasketball\SFM_ setup\Actor.cpp(328,22): warning C4244: '=': conversion from 'unsigned int' to 'float', possible loss of data
C:\C++\Projects\Final Capstone\ArcadeBasketball\SFM_ setup\Actor.cpp(330,20): warning C4244: '=': conversion from 'unsigned int' to 'float', possible loss of data
C:\C++\Projects\Final Capstone\ArcadeBasketball\SFM_ setup\Actor.cpp(364,51): warning C4244: 'argument': conversion from 'int' to 'T', possible loss of data
          with
          [
              T=float
          ]
C:\C++\Projects\Final Capstone\ArcadeBasketball\SFM_ setup\Actor.cpp(364,34): warning C4244: 'argument': conversion from 'int' to 'T', possible loss of data
          with
          [
              T=float
          ]
  Animation.cpp
  Animation2.cpp
  Application.cpp
  BasketBallGame.cpp
  BloomEffect.cpp
  Button.cpp
  Command.cpp
  CommandQueue.cpp
  Component.cpp
  Container.cpp
  DataTables.cpp
  Entity.cpp
  GameOverState.cpp
  GameState.cpp
  jsonFrameParser.cpp
  Label.cpp
  MenuState.cpp
  MusicPlayer.cpp
  PauseState.cpp
  Generating Code...
C:\C++\Projects\Final Capstone\ArcadeBasketball\SFM_ setup\BasketBallGame.cpp(68): warning C4715: 'BasketBallGame::isWinner': not all control paths return a value
C:\C++\Projects\Final Capstone\ArcadeBasketball\SFM_ setup\BasketBallGame.cpp(85): warning C4715: 'BasketBallGame::getWinner': not all control paths return a value
  Compiling...
  Player.cpp
  PostEffect.cpp
  SceneNode.cpp
  SettingsState.cpp
  SoundNode.cpp
  SoundPlayer.cpp
  Source.cpp
  SpriteNode.cpp
  State.cpp
  StateStack.cpp
  TextNode.cpp
  TitleState.cpp
  Utility.cpp
  World.cpp
C:\C++\Projects\Final Capstone\ArcadeBasketball\SFM_ setup\World.cpp(19,19): warning C4305: 'initializing': truncation from 'double' to 'float'
C:\C++\Projects\Final Capstone\ArcadeBasketball\SFM_ setup\World.cpp(26,20): warning C4305: 'initializing': truncation from 'double' to 'float'
  Generating Code...
  SFM_ setup.vcxproj -> C:\C++\Projects\Final Capstone\ArcadeBasketball\Debug\SFM_ setup.exe
